<?xml version="1.0" encoding="UTF-8"?>
<!-- Generated by org.testng.reporters.JUnitReportReporter -->
<testsuite hostname="LMS" name="com.pmxd.qa.testcases.EliteLoginPageTest" tests="3" failures="0" timestamp="5 Jul 2018 09:18:43 GMT" time="72.347" errors="0">
  <testcase name="loginTest" time="30.381" classname="com.pmxd.qa.testcases.EliteLoginPageTest"/>
  <testcase name="titleTest" time="22.966" classname="com.pmxd.qa.testcases.EliteLoginPageTest"/>
  <testcase name="logoTest" time="19.000" classname="com.pmxd.qa.testcases.EliteLoginPageTest"/>
</testsuite> <!-- com.pmxd.qa.testcases.EliteLoginPageTest -->
