<?xml version="1.0" encoding="UTF-8"?>
<!-- Generated by org.testng.reporters.JUnitReportReporter -->
<testsuite hostname="LMS" name="com.pmxd.qa.testcases.EliteMyWebcastPageTest" tests="2" failures="0" timestamp="13 Jul 2018 10:34:17 GMT" time="89.802" errors="0">
  <testcase name="validateClientSelectionTest" time="59.430" classname="com.pmxd.qa.testcases.EliteMyWebcastPageTest"/>
  <testcase name="titleTest" time="30.372" classname="com.pmxd.qa.testcases.EliteMyWebcastPageTest"/>
</testsuite> <!-- com.pmxd.qa.testcases.EliteMyWebcastPageTest -->
