<?xml version="1.0" encoding="UTF-8"?>
<!-- Generated by org.testng.reporters.JUnitReportReporter -->
<testsuite hostname="LMS" name="com.pmxd.qa.testcases.EliteLoginPageTest" tests="3" failures="0" timestamp="13 Jul 2018 10:34:17 GMT" time="63.075" errors="0">
  <testcase name="titleTest" time="13.721" classname="com.pmxd.qa.testcases.EliteLoginPageTest"/>
  <testcase name="logoTest" time="21.402" classname="com.pmxd.qa.testcases.EliteLoginPageTest"/>
  <testcase name="loginTest" time="27.952" classname="com.pmxd.qa.testcases.EliteLoginPageTest"/>
</testsuite> <!-- com.pmxd.qa.testcases.EliteLoginPageTest -->
