<?xml version="1.0" encoding="UTF-8"?>
<!-- Generated by org.testng.reporters.JUnitReportReporter -->
<testsuite hostname="LMS" name="com.pmxd.qa.testcases.EliteMyWebcastPageTest" tests="2" failures="0" timestamp="18 Jul 2018 10:09:30 GMT" time="66.602" errors="0">
  <testcase name="validateClientSelectionTest" time="35.584" classname="com.pmxd.qa.testcases.EliteMyWebcastPageTest"/>
  <testcase name="titleTest" time="31.018" classname="com.pmxd.qa.testcases.EliteMyWebcastPageTest"/>
</testsuite> <!-- com.pmxd.qa.testcases.EliteMyWebcastPageTest -->
