<?xml version="1.0" encoding="UTF-8"?>
<!-- Generated by org.testng.reporters.JUnitReportReporter -->
<testsuite hostname="LMS" name="com.pmxd.qa.testcases.EliteLoginPageTest" tests="3" failures="0" timestamp="18 Jul 2018 10:09:30 GMT" time="72.442" errors="0">
  <testcase name="titleTest" time="20.596" classname="com.pmxd.qa.testcases.EliteLoginPageTest"/>
  <testcase name="loginTest" time="38.557" classname="com.pmxd.qa.testcases.EliteLoginPageTest"/>
  <testcase name="logoTest" time="13.289" classname="com.pmxd.qa.testcases.EliteLoginPageTest"/>
</testsuite> <!-- com.pmxd.qa.testcases.EliteLoginPageTest -->
