<?xml version="1.0" encoding="UTF-8"?>
<!-- Generated by org.testng.reporters.JUnitReportReporter -->
<testsuite hostname="LMS" name="com.pmxd.qa.testcases.EliteLoginPageTest" tests="3" failures="0" timestamp="6 Jul 2018 09:29:13 GMT" time="65.054" errors="0">
  <testcase name="titleTest" time="12.683" classname="com.pmxd.qa.testcases.EliteLoginPageTest"/>
  <testcase name="logoTest" time="18.282" classname="com.pmxd.qa.testcases.EliteLoginPageTest"/>
  <testcase name="loginTest" time="34.089" classname="com.pmxd.qa.testcases.EliteLoginPageTest"/>
</testsuite> <!-- com.pmxd.qa.testcases.EliteLoginPageTest -->
