<?xml version="1.0" encoding="UTF-8"?>
<!-- Generated by org.testng.reporters.JUnitReportReporter -->
<testsuite hostname="LMS" name="com.pmxd.qa.testcases.EliteLoginPageTest" tests="3" failures="0" timestamp="6 Jul 2018 12:58:53 GMT" time="64.073" errors="0">
  <testcase name="titleTest" time="11.123" classname="com.pmxd.qa.testcases.EliteLoginPageTest"/>
  <testcase name="logoTest" time="25.028" classname="com.pmxd.qa.testcases.EliteLoginPageTest"/>
  <testcase name="loginTest" time="27.922" classname="com.pmxd.qa.testcases.EliteLoginPageTest"/>
</testsuite> <!-- com.pmxd.qa.testcases.EliteLoginPageTest -->
