<?xml version="1.0" encoding="UTF-8"?>
<!-- Generated by org.testng.reporters.JUnitReportReporter -->
<testsuite hostname="LMS" name="com.pmxd.qa.testcases.EliteMyWebcastPageTest" tests="2" failures="0" timestamp="13 Jul 2018 10:31:21 GMT" time="82.296" errors="0">
  <testcase name="validateClientSelectionTest" time="43.112" classname="com.pmxd.qa.testcases.EliteMyWebcastPageTest"/>
  <testcase name="titleTest" time="39.184" classname="com.pmxd.qa.testcases.EliteMyWebcastPageTest"/>
</testsuite> <!-- com.pmxd.qa.testcases.EliteMyWebcastPageTest -->
